# JRE version: Java(TM) SE Runtime Environment (8.0_202-b08) (build 1.8.0_202-b08)
# Java VM: Java HotSpot(TM) 64-Bit Server VM (25.202-b08 mixed mode windows-amd64 compressed oops)
Heap:
 PSYoungGen      total 139776K, used 122346K [0x000000076c300000, 0x0000000778900000, 0x00000007c0000000)
  eden space 129024K, 86% used [0x000000076c300000,0x0000000772ffe700,0x0000000774100000)
  from space 10752K, 99% used [0x0000000774100000,0x0000000774b7c300,0x0000000774b80000)
  to   space 10752K, 0% used [0x0000000774b80000,0x0000000774b80000,0x0000000775600000)
 ParOldGen       total 138752K, used 38385K [0x00000006c4800000, 0x00000006ccf80000, 0x000000076c300000)
  object space 138752K, 27% used [0x00000006c4800000,0x00000006c6d7c7a0,0x00000006ccf80000)
 Metaspace       used 27213K, capacity 29230K, committed 29568K, reserved 1075200K
  class space    used 3473K, capacity 3873K, committed 3968K, reserved 1048576K
GC Heap History (10 events):
Event: 0.764 GC heap before
{Heap before GC invocations=2 (full 0):
 PSYoungGen      total 75264K, used 74851K [0x000000076c300000, 0x0000000775600000, 0x00000007c0000000)
  eden space 64512K, 100% used [0x000000076c300000,0x0000000770200000,0x0000000770200000)
  from space 10752K, 96% used [0x0000000770200000,0x0000000770c18f50,0x0000000770c80000)
  to   space 10752K, 0% used [0x0000000774b80000,0x0000000774b80000,0x0000000775600000)
 ParOldGen       total 172032K, used 16K [0x00000006c4800000, 0x00000006cf000000, 0x000000076c300000)
  object space 172032K, 0% used [0x00000006c4800000,0x00000006c4804000,0x00000006cf000000)
 Metaspace       used 15507K, capacity 15744K, committed 16128K, reserved 1062912K
  class space    used 1859K, capacity 1946K, committed 2048K, reserved 1048576K
Event: 0.769 GC heap after
Heap after GC invocations=2 (full 0):
 PSYoungGen      total 139776K, used 10738K [0x000000076c300000, 0x0000000775600000, 0x00000007c0000000)
  eden space 129024K, 0% used [0x000000076c300000,0x000000076c300000,0x0000000774100000)
  from space 10752K, 99% used [0x0000000774b80000,0x00000007755fc8a8,0x0000000775600000)
  to   space 10752K, 0% used [0x0000000774100000,0x0000000774100000,0x0000000774b80000)
 ParOldGen       total 172032K, used 1248K [0x00000006c4800000, 0x00000006cf000000, 0x000000076c300000)
  object space 172032K, 0% used [0x00000006c4800000,0x00000006c4938390,0x00000006cf000000)
 Metaspace       used 15507K, capacity 15744K, committed 16128K, reserved 1062912K
  class space    used 1859K, capacity 1946K, committed 2048K, reserved 1048576K
}
Event: 1.245 GC heap before
{Heap before GC invocations=3 (full 0):
 PSYoungGen      total 139776K, used 136308K [0x000000076c300000, 0x0000000775600000, 0x00000007c0000000)
  eden space 129024K, 97% used [0x000000076c300000,0x0000000773da0a78,0x0000000774100000)
  from space 10752K, 99% used [0x0000000774b80000,0x00000007755fc8a8,0x0000000775600000)
  to   space 10752K, 0% used [0x0000000774100000,0x0000000774100000,0x0000000774b80000)
 ParOldGen       total 172032K, used 1248K [0x00000006c4800000, 0x00000006cf000000, 0x000000076c300000)
  object space 172032K, 0% used [0x00000006c4800000,0x00000006c4938390,0x00000006cf000000)
 Metaspace       used 20472K, capacity 21204K, committed 21296K, reserved 1069056K
  class space    used 2474K, capacity 2672K, committed 2688K, reserved 1048576K
Event: 1.265 GC heap after
Heap after GC invocations=3 (full 0):
 PSYoungGen      total 139776K, used 10720K [0x000000076c300000, 0x0000000775600000, 0x00000007c0000000)
  eden space 129024K, 0% used [0x000000076c300000,0x000000076c300000,0x0000000774100000)
  from space 10752K, 99% used [0x0000000774100000,0x0000000774b781a0,0x0000000774b80000)
  to   space 10752K, 0% used [0x0000000774b80000,0x0000000774b80000,0x0000000775600000)
 ParOldGen       total 172032K, used 12152K [0x00000006c4800000, 0x00000006cf000000, 0x000000076c300000)
  object space 172032K, 7% used [0x00000006c4800000,0x00000006c53de3f8,0x00000006cf000000)
 Metaspace       used 20472K, capacity 21204K, committed 21296K, reserved 1069056K
  class space    used 2474K, capacity 2672K, committed 2688K, reserved 1048576K
}
Event: 1.265 GC heap before
{Heap before GC invocations=4 (full 1):
 PSYoungGen      total 139776K, used 10720K [0x000000076c300000, 0x0000000775600000, 0x00000007c0000000)
  eden space 129024K, 0% used [0x000000076c300000,0x000000076c300000,0x0000000774100000)
  from space 10752K, 99% used [0x0000000774100000,0x0000000774b781a0,0x0000000774b80000)
  to   space 10752K, 0% used [0x0000000774b80000,0x0000000774b80000,0x0000000775600000)
 ParOldGen       total 172032K, used 12152K [0x00000006c4800000, 0x00000006cf000000, 0x000000076c300000)
  object space 172032K, 7% used [0x00000006c4800000,0x00000006c53de3f8,0x00000006cf000000)
 Metaspace       used 20472K, capacity 21204K, committed 21296K, reserved 1069056K
  class space    used 2474K, capacity 2672K, committed 2688K, reserved 1048576K
Event: 1.314 GC heap after
Heap after GC invocations=4 (full 1):
 PSYoungGen      total 139776K, used 0K [0x000000076c300000, 0x0000000775600000, 0x00000007c0000000)
  eden space 129024K, 0% used [0x000000076c300000,0x000000076c300000,0x0000000774100000)
  from space 10752K, 0% used [0x0000000774100000,0x0000000774100000,0x0000000774b80000)
  to   space 10752K, 0% used [0x0000000774b80000,0x0000000774b80000,0x0000000775600000)
 ParOldGen       total 138752K, used 21356K [0x00000006c4800000, 0x00000006ccf80000, 0x000000076c300000)
  object space 138752K, 15% used [0x00000006c4800000,0x00000006c5cdb0c0,0x00000006ccf80000)
 Metaspace       used 20300K, capacity 20800K, committed 21296K, reserved 1069056K
  class space    used 2410K, capacity 2558K, committed 2688K, reserved 1048576K
}
Event: 1.606 GC heap before
{Heap before GC invocations=5 (full 1):
 PSYoungGen      total 139776K, used 129024K [0x000000076c300000, 0x0000000775600000, 0x00000007c0000000)
  eden space 129024K, 100% used [0x000000076c300000,0x0000000774100000,0x0000000774100000)
  from space 10752K, 0% used [0x0000000774100000,0x0000000774100000,0x0000000774b80000)
  to   space 10752K, 0% used [0x0000000774b80000,0x0000000774b80000,0x0000000775600000)
 ParOldGen       total 138752K, used 21356K [0x00000006c4800000, 0x00000006ccf80000, 0x000000076c300000)
  object space 138752K, 15% used [0x00000006c4800000,0x00000006c5cdb0c0,0x00000006ccf80000)
 Metaspace       used 26828K, capacity 28838K, committed 29056K, reserved 1075200K
  class space    used 3472K, capacity 3873K, committed 3968K, reserved 1048576K
Event: 1.620 GC heap after
Heap after GC invocations=5 (full 1):
 PSYoungGen      total 139776K, used 10720K [0x000000076c300000, 0x0000000778900000, 0x00000007c0000000)
  eden space 129024K, 0% used [0x000000076c300000,0x000000076c300000,0x0000000774100000)
  from space 10752K, 99% used [0x0000000774b80000,0x00000007755f8240,0x0000000775600000)
  to   space 10752K, 0% used [0x0000000774100000,0x0000000774100000,0x0000000774b80000)
 ParOldGen       total 138752K, used 36677K [0x00000006c4800000, 0x00000006ccf80000, 0x000000076c300000)
  object space 138752K, 26% used [0x00000006c4800000,0x00000006c6bd17d8,0x00000006ccf80000)
 Metaspace       used 26828K, capacity 28838K, committed 29056K, reserved 1075200K
  class space    used 3472K, capacity 3873K, committed 3968K, reserved 1048576K
}
Event: 1.690 GC heap before
{Heap before GC invocations=6 (full 1):
 PSYoungGen      total 139776K, used 139744K [0x000000076c300000, 0x0000000778900000, 0x00000007c0000000)
  eden space 129024K, 100% used [0x000000076c300000,0x0000000774100000,0x0000000774100000)
  from space 10752K, 99% used [0x0000000774b80000,0x00000007755f8240,0x0000000775600000)
  to   space 10752K, 0% used [0x0000000774100000,0x0000000774100000,0x0000000774b80000)
 ParOldGen       total 138752K, used 36677K [0x00000006c4800000, 0x00000006ccf80000, 0x000000076c300000)
  object space 138752K, 26% used [0x00000006c4800000,0x00000006c6bd17d8,0x00000006ccf80000)
 Metaspace       used 27072K, capacity 29102K, committed 29312K, reserved 1075200K
  class space    used 3472K, capacity 3873K, committed 3968K, reserved 1048576K
Event: 1.694 GC heap after
Heap after GC invocations=6 (full 1):
 PSYoungGen      total 139776K, used 10736K [0x000000076c300000, 0x0000000778900000, 0x00000007c0000000)
  eden space 129024K, 0% used [0x000000076c300000,0x000000076c300000,0x0000000774100000)
  from space 10752K, 99% used [0x0000000774100000,0x0000000774b7c300,0x0000000774b80000)
  to   space 10752K, 0% used [0x0000000774b80000,0x0000000774b80000,0x0000000775600000)
 ParOldGen       total 138752K, used 38385K [0x00000006c4800000, 0x00000006ccf80000, 0x000000076c300000)
  object space 138752K, 27% used [0x00000006c4800000,0x00000006c6d7c7a0,0x00000006ccf80000)
 Metaspace       used 27072K, capacity 29102K, committed 29312K, reserved 1075200K
  class space    used 3472K, capacity 3873K, committed 3968K, reserved 1048576K
}

