# JRE version: Java(TM) SE Runtime Environment (8.0_202-b08) (build 1.8.0_202-b08)
# Java VM: Java HotSpot(TM) 64-Bit Server VM (25.202-b08 mixed mode windows-amd64 compressed oops)
Heap:
 PSYoungGen      total 139776K, used 129661K [0x000000076c300000, 0x0000000777600000, 0x00000007c0000000)
  eden space 129024K, 92% used [0x000000076c300000,0x00000007737233c0,0x0000000774100000)
  from space 10752K, 99% used [0x0000000774100000,0x0000000774b7c260,0x0000000774b80000)
  to   space 10752K, 0% used [0x0000000774b80000,0x0000000774b80000,0x0000000775600000)
 ParOldGen       total 144384K, used 35632K [0x00000006c4800000, 0x00000006cd500000, 0x000000076c300000)
  object space 144384K, 24% used [0x00000006c4800000,0x00000006c6acc298,0x00000006cd500000)
 Metaspace       used 27260K, capacity 29288K, committed 29568K, reserved 1075200K
  class space    used 3487K, capacity 3921K, committed 3968K, reserved 1048576K
GC Heap History (10 events):
Event: 0.831 GC heap before
{Heap before GC invocations=2 (full 0):
 PSYoungGen      total 75264K, used 74833K [0x000000076c300000, 0x0000000775600000, 0x00000007c0000000)
  eden space 64512K, 100% used [0x000000076c300000,0x0000000770200000,0x0000000770200000)
  from space 10752K, 95% used [0x0000000770200000,0x0000000770c14578,0x0000000770c80000)
  to   space 10752K, 0% used [0x0000000774b80000,0x0000000774b80000,0x0000000775600000)
 ParOldGen       total 172032K, used 16K [0x00000006c4800000, 0x00000006cf000000, 0x000000076c300000)
  object space 172032K, 0% used [0x00000006c4800000,0x00000006c4804000,0x00000006cf000000)
 Metaspace       used 15539K, capacity 15776K, committed 16128K, reserved 1062912K
  class space    used 1863K, capacity 1978K, committed 2048K, reserved 1048576K
Event: 0.837 GC heap after
Heap after GC invocations=2 (full 0):
 PSYoungGen      total 139776K, used 10744K [0x000000076c300000, 0x0000000775600000, 0x00000007c0000000)
  eden space 129024K, 0% used [0x000000076c300000,0x000000076c300000,0x0000000774100000)
  from space 10752K, 99% used [0x0000000774b80000,0x00000007755fe360,0x0000000775600000)
  to   space 10752K, 0% used [0x0000000774100000,0x0000000774100000,0x0000000774b80000)
 ParOldGen       total 172032K, used 1078K [0x00000006c4800000, 0x00000006cf000000, 0x000000076c300000)
  object space 172032K, 0% used [0x00000006c4800000,0x00000006c490da68,0x00000006cf000000)
 Metaspace       used 15539K, capacity 15776K, committed 16128K, reserved 1062912K
  class space    used 1863K, capacity 1978K, committed 2048K, reserved 1048576K
}
Event: 1.259 GC heap before
{Heap before GC invocations=3 (full 0):
 PSYoungGen      total 139776K, used 131016K [0x000000076c300000, 0x0000000775600000, 0x00000007c0000000)
  eden space 129024K, 93% used [0x000000076c300000,0x0000000773873dd8,0x0000000774100000)
  from space 10752K, 99% used [0x0000000774b80000,0x00000007755fe360,0x0000000775600000)
  to   space 10752K, 0% used [0x0000000774100000,0x0000000774100000,0x0000000774b80000)
 ParOldGen       total 172032K, used 1078K [0x00000006c4800000, 0x00000006cf000000, 0x000000076c300000)
  object space 172032K, 0% used [0x00000006c4800000,0x00000006c490da68,0x00000006cf000000)
 Metaspace       used 20502K, capacity 21242K, committed 21296K, reserved 1069056K
  class space    used 2483K, capacity 2677K, committed 2688K, reserved 1048576K
Event: 1.268 GC heap after
Heap after GC invocations=3 (full 0):
 PSYoungGen      total 139776K, used 10736K [0x000000076c300000, 0x0000000775600000, 0x00000007c0000000)
  eden space 129024K, 0% used [0x000000076c300000,0x000000076c300000,0x0000000774100000)
  from space 10752K, 99% used [0x0000000774100000,0x0000000774b7c150,0x0000000774b80000)
  to   space 10752K, 0% used [0x0000000774b80000,0x0000000774b80000,0x0000000775600000)
 ParOldGen       total 172032K, used 10842K [0x00000006c4800000, 0x00000006cf000000, 0x000000076c300000)
  object space 172032K, 6% used [0x00000006c4800000,0x00000006c52969c0,0x00000006cf000000)
 Metaspace       used 20502K, capacity 21242K, committed 21296K, reserved 1069056K
  class space    used 2483K, capacity 2677K, committed 2688K, reserved 1048576K
}
Event: 1.268 GC heap before
{Heap before GC invocations=4 (full 1):
 PSYoungGen      total 139776K, used 10736K [0x000000076c300000, 0x0000000775600000, 0x00000007c0000000)
  eden space 129024K, 0% used [0x000000076c300000,0x000000076c300000,0x0000000774100000)
  from space 10752K, 99% used [0x0000000774100000,0x0000000774b7c150,0x0000000774b80000)
  to   space 10752K, 0% used [0x0000000774b80000,0x0000000774b80000,0x0000000775600000)
 ParOldGen       total 172032K, used 10842K [0x00000006c4800000, 0x00000006cf000000, 0x000000076c300000)
  object space 172032K, 6% used [0x00000006c4800000,0x00000006c52969c0,0x00000006cf000000)
 Metaspace       used 20502K, capacity 21242K, committed 21296K, reserved 1069056K
  class space    used 2483K, capacity 2677K, committed 2688K, reserved 1048576K
Event: 1.326 GC heap after
Heap after GC invocations=4 (full 1):
 PSYoungGen      total 139776K, used 0K [0x000000076c300000, 0x0000000775600000, 0x00000007c0000000)
  eden space 129024K, 0% used [0x000000076c300000,0x000000076c300000,0x0000000774100000)
  from space 10752K, 0% used [0x0000000774100000,0x0000000774100000,0x0000000774b80000)
  to   space 10752K, 0% used [0x0000000774b80000,0x0000000774b80000,0x0000000775600000)
 ParOldGen       total 144384K, used 20185K [0x00000006c4800000, 0x00000006cd500000, 0x000000076c300000)
  object space 144384K, 13% used [0x00000006c4800000,0x00000006c5bb67b8,0x00000006cd500000)
 Metaspace       used 20309K, capacity 20776K, committed 21296K, reserved 1069056K
  class space    used 2412K, capacity 2550K, committed 2688K, reserved 1048576K
}
Event: 1.595 GC heap before
{Heap before GC invocations=5 (full 1):
 PSYoungGen      total 139776K, used 129017K [0x000000076c300000, 0x0000000775600000, 0x00000007c0000000)
  eden space 129024K, 99% used [0x000000076c300000,0x00000007740fe408,0x0000000774100000)
  from space 10752K, 0% used [0x0000000774100000,0x0000000774100000,0x0000000774b80000)
  to   space 10752K, 0% used [0x0000000774b80000,0x0000000774b80000,0x0000000775600000)
 ParOldGen       total 144384K, used 20185K [0x00000006c4800000, 0x00000006cd500000, 0x000000076c300000)
  object space 144384K, 13% used [0x00000006c4800000,0x00000006c5bb67b8,0x00000006cd500000)
 Metaspace       used 26746K, capacity 28778K, committed 29056K, reserved 1075200K
  class space    used 3480K, capacity 3883K, committed 3968K, reserved 1048576K
Event: 1.601 GC heap after
Heap after GC invocations=5 (full 1):
 PSYoungGen      total 139776K, used 10742K [0x000000076c300000, 0x0000000777600000, 0x00000007c0000000)
  eden space 129024K, 0% used [0x000000076c300000,0x000000076c300000,0x0000000774100000)
  from space 10752K, 99% used [0x0000000774b80000,0x00000007755fd990,0x0000000775600000)
  to   space 10752K, 0% used [0x0000000774100000,0x0000000774100000,0x0000000774b80000)
 ParOldGen       total 144384K, used 33901K [0x00000006c4800000, 0x00000006cd500000, 0x000000076c300000)
  object space 144384K, 23% used [0x00000006c4800000,0x00000006c691b7b8,0x00000006cd500000)
 Metaspace       used 26746K, capacity 28778K, committed 29056K, reserved 1075200K
  class space    used 3480K, capacity 3883K, committed 3968K, reserved 1048576K
}
Event: 1.667 GC heap before
{Heap before GC invocations=6 (full 1):
 PSYoungGen      total 139776K, used 139766K [0x000000076c300000, 0x0000000777600000, 0x00000007c0000000)
  eden space 129024K, 100% used [0x000000076c300000,0x0000000774100000,0x0000000774100000)
  from space 10752K, 99% used [0x0000000774b80000,0x00000007755fd990,0x0000000775600000)
  to   space 10752K, 0% used [0x0000000774100000,0x0000000774100000,0x0000000774b80000)
 ParOldGen       total 144384K, used 33901K [0x00000006c4800000, 0x00000006cd500000, 0x000000076c300000)
  object space 144384K, 23% used [0x00000006c4800000,0x00000006c691b7b8,0x00000006cd500000)
 Metaspace       used 27043K, capacity 29042K, committed 29312K, reserved 1075200K
  class space    used 3480K, capacity 3883K, committed 3968K, reserved 1048576K
Event: 1.670 GC heap after
Heap after GC invocations=6 (full 1):
 PSYoungGen      total 139776K, used 10736K [0x000000076c300000, 0x0000000777600000, 0x00000007c0000000)
  eden space 129024K, 0% used [0x000000076c300000,0x000000076c300000,0x0000000774100000)
  from space 10752K, 99% used [0x0000000774100000,0x0000000774b7c260,0x0000000774b80000)
  to   space 10752K, 0% used [0x0000000774b80000,0x0000000774b80000,0x0000000775600000)
 ParOldGen       total 144384K, used 35632K [0x00000006c4800000, 0x00000006cd500000, 0x000000076c300000)
  object space 144384K, 24% used [0x00000006c4800000,0x00000006c6acc298,0x00000006cd500000)
 Metaspace       used 27043K, capacity 29042K, committed 29312K, reserved 1075200K
  class space    used 3480K, capacity 3883K, committed 3968K, reserved 1048576K
}

